E:\X\W\E\TMP\TEMP201705\DLLTEST\AFMFC\RELEASE\AFMFC.EXE.INTERMEDIATE.MANIFEST
E:\X\W\E\TMP\TEMP201705\DLLTEST\AFMFC\RELEASE\AFMFC.OBJ
E:\X\W\E\TMP\TEMP201705\DLLTEST\AFMFC\RELEASE\AFMFC.PCH
E:\X\W\E\TMP\TEMP201705\DLLTEST\AFMFC\RELEASE\AFMFC.RES
E:\x\w\e\tmp\temp201705\dlltest\afMfc\Release\afMfc.vcxprojResolveAssemblyReference.cache
E:\x\w\e\tmp\temp201705\dlltest\afMfc\Release\afMfc.write.1.tlog
E:\X\W\E\TMP\TEMP201705\DLLTEST\AFMFC\RELEASE\AFMFCDOC.OBJ
E:\X\W\E\TMP\TEMP201705\DLLTEST\AFMFC\RELEASE\AFMFCVIEW.OBJ
E:\x\w\e\tmp\temp201705\dlltest\afMfc\Release\cl.command.1.tlog
E:\x\w\e\tmp\temp201705\dlltest\afMfc\Release\CL.read.1.tlog
E:\x\w\e\tmp\temp201705\dlltest\afMfc\Release\CL.write.1.tlog
E:\x\w\e\tmp\temp201705\dlltest\afMfc\Release\link.command.1.tlog
E:\x\w\e\tmp\temp201705\dlltest\afMfc\Release\link.read.1.tlog
E:\x\w\e\tmp\temp201705\dlltest\afMfc\Release\link.write.1.tlog
E:\x\w\e\tmp\temp201705\dlltest\afMfc\Release\link-cvtres.read.1.tlog
E:\x\w\e\tmp\temp201705\dlltest\afMfc\Release\link-cvtres.write.1.tlog
E:\X\W\E\TMP\TEMP201705\DLLTEST\AFMFC\RELEASE\LOGINDLG.OBJ
E:\X\W\E\TMP\TEMP201705\DLLTEST\AFMFC\RELEASE\MAINFRM.OBJ
E:\x\w\e\tmp\temp201705\dlltest\afMfc\Release\msado15.tlh
E:\x\w\e\tmp\temp201705\dlltest\afMfc\Release\msado15.tli
E:\x\w\e\tmp\temp201705\dlltest\afMfc\Release\msadox.tlh
E:\x\w\e\tmp\temp201705\dlltest\afMfc\Release\msadox.tli
E:\x\w\e\tmp\temp201705\dlltest\afMfc\Release\mt.command.1.tlog
E:\x\w\e\tmp\temp201705\dlltest\afMfc\Release\mt.read.1.tlog
E:\x\w\e\tmp\temp201705\dlltest\afMfc\Release\mt.write.1.tlog
E:\X\W\E\TMP\TEMP201705\DLLTEST\AFMFC\RELEASE\PNGPICTURE.OBJ
E:\x\w\e\tmp\temp201705\dlltest\afMfc\Release\rc.command.1.tlog
E:\x\w\e\tmp\temp201705\dlltest\afMfc\Release\rc.read.1.tlog
E:\x\w\e\tmp\temp201705\dlltest\afMfc\Release\rc.write.1.tlog
E:\X\W\E\TMP\TEMP201705\DLLTEST\AFMFC\RELEASE\STDAFX.OBJ
E:\X\W\E\TMP\TEMP201705\DLLTEST\AFMFC\RELEASE\VC100.PDB
E:\X\W\E\TMP\TEMP201705\DLLTEST\RELEASE\AFMFC.EXE
E:\X\W\E\TMP\TEMP201705\DLLTEST\RELEASE\AFMFC.PDB
